[38;5;112m[Appium][0m Welcome to Appium v2.11.2
[38;5;112m[Appium][0m Non-default server args:
[38;5;112m[Appium][0m { basePath: [32m'/wd/hub'[39m, loglevel: [32m'info'[39m, port: [33m54766[39m }
[38;5;112m[Appium][0m Attempting to load driver uiautomator2...
[38;5;112m[Appium][0m Appium REST http interface listener started on http://0.0.0.0:54766/wd/hub
[38;5;112m[Appium][0m You can provide the following URLs in your client code to connect to this server:
	http://192.168.1.5:54766/wd/hub
	http://127.0.0.1:54766/wd/hub (only accessible from the same host)
[38;5;112m[Appium][0m Available drivers:
[38;5;112m[Appium][0m   - uiautomator2@3.7.3 (automationName 'UiAutomator2')
[38;5;112m[Appium][0m No plugins have been installed. Use the "appium plugin" command to install the one(s) you want to use.
[38;5;86m[HTTP][0m [37m-->[39m [37mGET[39m [37m/wd/hub/status[39m [90m{}[39m
[38;5;86m[HTTP][0m [37m<-- GET /wd/hub/status [39m[32m200[39m [90m17 ms - 111[39m [90m[39m
[38;5;86m[HTTP][0m [37m-->[39m [37mGET[39m [37m/wd/hub/status[39m [90m{}[39m
[38;5;86m[HTTP][0m [37m<-- GET /wd/hub/status [39m[32m200[39m [90m7 ms - 111[39m [90m[39m
[38;5;86m[HTTP][0m [37m-->[39m [37mPOST[39m [37m/wd/hub/session[39m [90m{"desiredCapabilities":{"appium:systemPort":54972,"appium:newCommandTimeout":1800,"appium:automationName":"uiautomator2","appium:fullReset":false,"appium:platformVersion":"12","appium:noReset":true,"appium:udid":"emulator-5554","appium:autoGrantPermissions":true,"appium:platformName":"ANDROID","appium:deviceName":"emulator-5554 (sdk_gphone64_x86_64 - Android 12)","platformName":"Android","appium:app":"C:\\Users\\asus\\Downloads\\demo-app.site.apk"},"capabilities":{"firstMatch":[{"appium:app":"C:\\Users\\asus\\Downloads\\demo-app.site.apk","appium:autoGrantPermissions":true,"appium:automationName":"uiautomator2","appium:deviceName":"emulator-5554 (sdk_gphone64_x86_64 - Android 12)","appium:fullReset":false,"appium:newCommandTimeout":1800,"appium:noReset":true,"appium:platformName":"ANDROID","appium:platformVersion":"12","appium:systemPort":54972,"appium:udid":"emulator-5554","platformName":"android"}]}}[39m
[38;5;123m[BaseDriver][0m Ignoring capability 'appium:platformName=ANDROID' and using capability 'platformName=android'
[38;5;123m[BaseDriver][0m The capabilities ["platformName"] are standard capabilities and do not require "appium:" prefix
[38;5;112m[Appium][0m Attempting to find matching driver for automationName 'uiautomator2' and platformName 'android'
[38;5;112m[Appium][0m The 'uiautomator2' driver was installed and matched caps.
[38;5;112m[Appium][0m Will require it at C:\Users\asus\.appium\node_modules\appium-uiautomator2-driver
[38;5;206m[AppiumDriver@6859][0m Appium v2.11.2 creating new AndroidUiautomator2Driver (v3.7.3) session
[38;5;206m[AppiumDriver@6859][0m Checking BaseDriver versions for Appium and AndroidUiautomator2Driver
[38;5;206m[AppiumDriver@6859][0m Appium's BaseDriver version is 9.11.2
[38;5;206m[AppiumDriver@6859][0m AndroidUiautomator2Driver's BaseDriver version is 9.11.2
[38;5;68m[feecc16a][0m[38;5;-168m[AndroidUiautomator2Driver@f719][0m Session created with session id: feecc16a-c9b7-48cb-89ea-8b173da4b6f0
[38;5;68m[feecc16a][0m[38;5;229m[ADB][0m Found 1 'build-tools' folders under 'C:\Users\asus\.katalon\tools\android_sdk' (newest first):
[38;5;68m[feecc16a][0m[38;5;229m[ADB][0m     C:\Users\asus\.katalon\tools\android_sdk\build-tools\29.0.3
[38;5;68m[feecc16a][0m[38;5;229m[ADB][0m Using 'adb.exe' from 'C:\Users\asus\.katalon\tools\android_sdk\platform-tools\adb.exe'
[38;5;68m[feecc16a][0m[38;5;-168m[AndroidUiautomator2Driver@f719][0m Retrieving device list
[38;5;68m[feecc16a][0m[38;5;-168m[AndroidUiautomator2Driver@f719][0m Using device: emulator-5554
[38;5;68m[feecc16a][0m[38;5;229m[ADB][0m Using 'adb.exe' from 'C:\Users\asus\.katalon\tools\android_sdk\platform-tools\adb.exe'
[38;5;68m[feecc16a][0m[38;5;123m[BaseDriver][0m Using local app 'C:\Users\asus\Downloads\demo-app.site.apk'
[38;5;68m[feecc16a][0m[38;5;229m[ADB][0m Getting device platform version
[38;5;68m[feecc16a][0m[38;5;-168m[AndroidUiautomator2Driver@f719][0m Relaxing hidden api policy
[38;5;68m[feecc16a][0m[38;5;229m[ADB][0m Using 'aapt2.exe' from 'C:\Users\asus\.katalon\tools\android_sdk\build-tools\29.0.3\aapt2.exe'
[38;5;68m[feecc16a][0m[38;5;229m[ADB][0m Package name: 'com.codingid.codingidhive.betastaging'
[38;5;68m[feecc16a][0m[38;5;229m[ADB][0m Main activity name: 'com.codingid.codingidhive.MainActivity'
[38;5;68m[feecc16a][0m[38;5;229m[ADB][0m The application at 'C:\Users\asus\.appium\node_modules\appium-uiautomator2-driver\node_modules\io.appium.settings\apks\settings_apk-debug.apk' will not be cached, because the device under test has confirmed the support of streamed installs
[38;5;68m[feecc16a][0m[38;5;229m[ADB][0m The installation of 'settings_apk-debug.apk' took 405ms
[38;5;68m[feecc16a][0m[38;5;-168m[AndroidUiautomator2Driver@f719][0m Server packages are going to be (re)installed
[38;5;68m[feecc16a][0m[38;5;229m[ADB][0m The application at 'C:\Users\asus\.appium\node_modules\appium-uiautomator2-driver\node_modules\appium-uiautomator2-server\apks\appium-uiautomator2-server-v7.0.20.apk' will not be cached, because the device under test has confirmed the support of streamed installs
[38;5;68m[feecc16a][0m[38;5;229m[ADB][0m The application at 'C:\Users\asus\.appium\node_modules\appium-uiautomator2-driver\node_modules\appium-uiautomator2-server\apks\appium-uiautomator2-server-debug-androidTest.apk' will not be cached, because the device under test has confirmed the support of streamed installs
[38;5;68m[feecc16a][0m[38;5;229m[ADB][0m Using 'apksigner.jar' from 'C:\Users\asus\.katalon\tools\android_sdk\build-tools\29.0.3\lib\apksigner.jar'
[38;5;68m[feecc16a][0m[38;5;229m[ADB][0m The installation of 'appium-uiautomator2-server-debug-androidTest.apk' took 3521ms
[38;5;68m[feecc16a][0m[38;5;229m[ADB][0m The installation of 'appium-uiautomator2-server-v7.0.20.apk' took 4501ms
[38;5;68m[feecc16a][0m[38;5;229m[ADB][0m Adding packages ["io.appium.settings","io.appium.uiautomator2.server","io.appium.uiautomator2.server.test"] to Doze whitelist
[38;5;68m[feecc16a][0m[38;5;229m[ADB][0m 'C:\Users\asus\Downloads\demo-app.site.apk' is signed with a non-default certificate
[38;5;68m[feecc16a][0m[38;5;229m[ADB][0m The application at 'C:\Users\asus\Downloads\demo-app.site.apk' will not be cached, because the device under test has confirmed the support of streamed installs
[38;5;68m[feecc16a][0m[38;5;229m[ADB][0m The installation of 'demo-app.site.apk' took 16125ms
[38;5;68m[feecc16a][0m[38;5;-168m[AndroidUiautomator2Driver@f719][0m Starting UIAutomator2 server 7.0.20
[38;5;68m[feecc16a][0m[38;5;-168m[AndroidUiautomator2Driver@f719][0m Using UIAutomator2 server from 'C:\Users\asus\.appium\node_modules\appium-uiautomator2-driver\node_modules\appium-uiautomator2-server\apks\appium-uiautomator2-server-v7.0.20.apk' and test from 'C:\Users\asus\.appium\node_modules\appium-uiautomator2-driver\node_modules\appium-uiautomator2-server\apks\appium-uiautomator2-server-debug-androidTest.apk'
[38;5;68m[feecc16a][0m[38;5;-168m[AndroidUiautomator2Driver@f719][0m Waiting up to 30000ms for UiAutomator2 to be online...
[38;5;68m[feecc16a][0m[38;5;-168m[AndroidUiautomator2Driver@f719][0m socket hang up
[38;5;68m[feecc16a][0m[38;5;-168m[AndroidUiautomator2Driver@f719][0m socket hang up
[38;5;68m[feecc16a][0m[38;5;-168m[AndroidUiautomator2Driver@f719][0m socket hang up
[38;5;68m[feecc16a][0m[38;5;-168m[AndroidUiautomator2Driver@f719][0m socket hang up
[38;5;68m[feecc16a][0m[38;5;-168m[AndroidUiautomator2Driver@f719][0m socket hang up
[38;5;68m[feecc16a][0m[38;5;-168m[AndroidUiautomator2Driver@f719][0m socket hang up
[38;5;68m[feecc16a][0m[38;5;-168m[AndroidUiautomator2Driver@f719][0m socket hang up
[38;5;68m[feecc16a][0m[38;5;-168m[AndroidUiautomator2Driver@f719][0m Determined the downstream protocol as 'W3C'
[38;5;68m[feecc16a][0m[38;5;-168m[AndroidUiautomator2Driver@f719][0m Screen already unlocked, doing nothing
[38;5;68m[feecc16a][0m[38;5;-168m[AndroidUiautomator2Driver@f719][0m Starting 'com.codingid.codingidhive.betastaging/com.codingid.codingidhive.MainActivity and waiting for 'com.codingid.codingidhive.betastaging/com.codingid.codingidhive.MainActivity'
[38;5;68m[feecc16a][0m[38;5;206m[AppiumDriver@6859][0m New AndroidUiautomator2Driver session created successfully, session feecc16a-c9b7-48cb-89ea-8b173da4b6f0 added to master session list
[38;5;68m[feecc16a][0m[38;5;86m[HTTP][0m [37m<-- POST /wd/hub/session [39m[32m200[39m [90m41083 ms - 1228[39m [90m[39m
[38;5;68m[feecc16a][0m[38;5;86m[HTTP][0m [37m-->[39m [37mGET[39m [37m/wd/hub/session/feecc16a-c9b7-48cb-89ea-8b173da4b6f0[39m [90m{}[39m
[38;5;68m[feecc16a][0m[38;5;86m[HTTP][0m [37m<-- GET /wd/hub/session/feecc16a-c9b7-48cb-89ea-8b173da4b6f0 [39m[32m200[39m [90m48 ms - 359[39m [90m[39m
[38;5;68m[feecc16a][0m[38;5;86m[HTTP][0m [37m-->[39m [37mGET[39m [37m/wd/hub/session/feecc16a-c9b7-48cb-89ea-8b173da4b6f0[39m [90m{}[39m
[38;5;68m[feecc16a][0m[38;5;86m[HTTP][0m [37m<-- GET /wd/hub/session/feecc16a-c9b7-48cb-89ea-8b173da4b6f0 [39m[32m200[39m [90m40 ms - 359[39m [90m[39m
[38;5;86m[HTTP][0m [37m-->[39m [37mGET[39m [37m/wd/hub/status[39m [90m{}[39m
[38;5;86m[HTTP][0m [37m<-- GET /wd/hub/status [39m[32m200[39m [90m2 ms - 111[39m [90m[39m
[38;5;68m[feecc16a][0m[38;5;86m[HTTP][0m [37m-->[39m [37mPOST[39m [37m/wd/hub/session/feecc16a-c9b7-48cb-89ea-8b173da4b6f0/timeouts[39m [90m{"implicit":60000}[39m
[38;5;68m[feecc16a][0m[38;5;86m[HTTP][0m [37m<-- POST /wd/hub/session/feecc16a-c9b7-48cb-89ea-8b173da4b6f0/timeouts [39m[32m200[39m [90m10 ms - 14[39m [90m[39m
[38;5;68m[feecc16a][0m[38;5;86m[HTTP][0m [37m-->[39m [37mGET[39m [37m/wd/hub/session/feecc16a-c9b7-48cb-89ea-8b173da4b6f0/source[39m [90m{}[39m
[38;5;68m[feecc16a][0m[38;5;-168m[AndroidUiautomator2Driver@f719][0m Driver proxy active, passing request on via HTTP proxy
[38;5;68m[feecc16a][0m[38;5;-168m[AndroidUiautomator2Driver@f719][0m Replacing sessionId bfa18da4-aedf-4b68-8398-eea3e2187298 with feecc16a-c9b7-48cb-89ea-8b173da4b6f0
[38;5;68m[feecc16a][0m[38;5;86m[HTTP][0m [37m<-- GET /wd/hub/session/feecc16a-c9b7-48cb-89ea-8b173da4b6f0/source [39m[32m200[39m [90m464 ms - 5930[39m [90m[39m
[38;5;68m[feecc16a][0m[38;5;86m[HTTP][0m [37m-->[39m [37mGET[39m [37m/wd/hub/session/feecc16a-c9b7-48cb-89ea-8b173da4b6f0/screenshot[39m [90m{}[39m
[38;5;68m[feecc16a][0m[38;5;86m[HTTP][0m [37m<-- GET /wd/hub/session/feecc16a-c9b7-48cb-89ea-8b173da4b6f0/screenshot [39m[32m200[39m [90m2160 ms - 61908[39m [90m[39m
[38;5;68m[feecc16a][0m[38;5;86m[HTTP][0m [37m-->[39m [37mGET[39m [37m/wd/hub/session/feecc16a-c9b7-48cb-89ea-8b173da4b6f0/source[39m [90m{}[39m
[38;5;68m[feecc16a][0m[38;5;-168m[AndroidUiautomator2Driver@f719][0m Driver proxy active, passing request on via HTTP proxy
[38;5;68m[feecc16a][0m[38;5;-168m[AndroidUiautomator2Driver@f719][0m Replacing sessionId bfa18da4-aedf-4b68-8398-eea3e2187298 with feecc16a-c9b7-48cb-89ea-8b173da4b6f0
[38;5;68m[feecc16a][0m[38;5;86m[HTTP][0m [37m<-- GET /wd/hub/session/feecc16a-c9b7-48cb-89ea-8b173da4b6f0/source [39m[32m200[39m [90m1454 ms - 58874[39m [90m[39m
[38;5;68m[feecc16a][0m[38;5;86m[HTTP][0m [37m-->[39m [37mGET[39m [37m/wd/hub/session/feecc16a-c9b7-48cb-89ea-8b173da4b6f0/screenshot[39m [90m{}[39m
[38;5;68m[feecc16a][0m[38;5;86m[HTTP][0m [37m<-- GET /wd/hub/session/feecc16a-c9b7-48cb-89ea-8b173da4b6f0/screenshot [39m[32m200[39m [90m1059 ms - 415540[39m [90m[39m
[38;5;68m[feecc16a][0m[38;5;86m[HTTP][0m [37m-->[39m [37mGET[39m [37m/wd/hub/session/feecc16a-c9b7-48cb-89ea-8b173da4b6f0/source[39m [90m{}[39m
[38;5;68m[feecc16a][0m[38;5;-168m[AndroidUiautomator2Driver@f719][0m Driver proxy active, passing request on via HTTP proxy
[38;5;68m[feecc16a][0m[38;5;-168m[AndroidUiautomator2Driver@f719][0m Replacing sessionId bfa18da4-aedf-4b68-8398-eea3e2187298 with feecc16a-c9b7-48cb-89ea-8b173da4b6f0
[38;5;68m[feecc16a][0m[38;5;86m[HTTP][0m [37m<-- GET /wd/hub/session/feecc16a-c9b7-48cb-89ea-8b173da4b6f0/source [39m[32m200[39m [90m769 ms - 79029[39m [90m[39m
[38;5;68m[feecc16a][0m[38;5;86m[HTTP][0m [37m-->[39m [37mGET[39m [37m/wd/hub/session/feecc16a-c9b7-48cb-89ea-8b173da4b6f0/screenshot[39m [90m{}[39m
[38;5;68m[feecc16a][0m[38;5;86m[HTTP][0m [37m<-- GET /wd/hub/session/feecc16a-c9b7-48cb-89ea-8b173da4b6f0/screenshot [39m[32m200[39m [90m2768 ms - 159260[39m [90m[39m
[38;5;68m[feecc16a][0m[38;5;86m[HTTP][0m [37m-->[39m [37mDELETE[39m [37m/wd/hub/session/feecc16a-c9b7-48cb-89ea-8b173da4b6f0[39m [90m{}[39m
[38;5;68m[feecc16a][0m[38;5;206m[AppiumDriver@6859][0m Removing session feecc16a-c9b7-48cb-89ea-8b173da4b6f0 from our master session list
[38;5;68m[feecc16a][0m[38;5;-168m[AndroidUiautomator2Driver@f719][0m Restoring hidden api policy to the device default configuration
[38;5;68m[feecc16a][0m[38;5;86m[HTTP][0m [37m<-- DELETE /wd/hub/session/feecc16a-c9b7-48cb-89ea-8b173da4b6f0 [39m[32m200[39m [90m1483 ms - 14[39m [90m[39m
